{"src/main.js":{"path":"src/main.js","s":{"1":1,"2":1,"3":21,"4":21,"5":1,"6":1,"7":4,"8":4,"9":1,"10":1,"11":6,"12":6,"13":1,"14":1,"15":1,"16":1,"17":1,"18":1,"19":1,"20":1,"21":1,"22":1,"23":1,"24":1,"25":1,"26":1,"27":2,"28":2,"29":21,"30":1,"31":18,"32":22,"33":22,"34":22,"35":22,"36":100,"37":100,"38":1,"39":99,"40":21},"b":{"1":[1,4,1,6,1,1,1,1,1,1,1,2],"2":[1,20],"3":[2,20],"4":[2,20],"5":[2,20],"6":[1,99],"7":[3,96],"8":[99,3]},"f":{"1":21,"2":18,"3":22},"fnMap":{"1":{"name":"(anonymous_1)","line":5,"loc":{"start":{"line":5,"column":15},"end":{"line":5,"column":41}}},"2":{"name":"invoke","line":49,"loc":{"start":{"line":49,"column":17},"end":{"line":49,"column":45}}},"3":{"name":"invokeInner","line":50,"loc":{"start":{"line":50,"column":8},"end":{"line":50,"column":47}}}},"statementMap":{"1":{"start":{"line":3,"column":0},"end":{"line":3,"column":46}},"2":{"start":{"line":5,"column":0},"end":{"line":47,"column":2}},"3":{"start":{"line":6,"column":1},"end":{"line":6,"column":11}},"4":{"start":{"line":7,"column":1},"end":{"line":44,"column":2}},"5":{"start":{"line":9,"column":2},"end":{"line":9,"column":15}},"6":{"start":{"line":10,"column":2},"end":{"line":10,"column":8}},"7":{"start":{"line":12,"column":2},"end":{"line":12,"column":22}},"8":{"start":{"line":13,"column":2},"end":{"line":13,"column":8}},"9":{"start":{"line":15,"column":2},"end":{"line":15,"column":31}},"10":{"start":{"line":16,"column":2},"end":{"line":16,"column":8}},"11":{"start":{"line":18,"column":2},"end":{"line":18,"column":40}},"12":{"start":{"line":19,"column":2},"end":{"line":19,"column":8}},"13":{"start":{"line":21,"column":2},"end":{"line":21,"column":49}},"14":{"start":{"line":22,"column":2},"end":{"line":22,"column":8}},"15":{"start":{"line":24,"column":2},"end":{"line":24,"column":58}},"16":{"start":{"line":25,"column":2},"end":{"line":25,"column":8}},"17":{"start":{"line":27,"column":2},"end":{"line":27,"column":67}},"18":{"start":{"line":28,"column":2},"end":{"line":28,"column":8}},"19":{"start":{"line":30,"column":2},"end":{"line":30,"column":76}},"20":{"start":{"line":31,"column":2},"end":{"line":31,"column":8}},"21":{"start":{"line":33,"column":2},"end":{"line":33,"column":85}},"22":{"start":{"line":34,"column":2},"end":{"line":34,"column":8}},"23":{"start":{"line":36,"column":2},"end":{"line":36,"column":94}},"24":{"start":{"line":37,"column":2},"end":{"line":37,"column":8}},"25":{"start":{"line":39,"column":2},"end":{"line":39,"column":103}},"26":{"start":{"line":40,"column":2},"end":{"line":40,"column":8}},"27":{"start":{"line":42,"column":2},"end":{"line":42,"column":31}},"28":{"start":{"line":43,"column":2},"end":{"line":43,"column":8}},"29":{"start":{"line":46,"column":1},"end":{"line":46,"column":14}},"30":{"start":{"line":49,"column":0},"end":{"line":73,"column":2}},"31":{"start":{"line":50,"column":1},"end":{"line":72,"column":3}},"32":{"start":{"line":51,"column":2},"end":{"line":56,"column":50}},"33":{"start":{"line":58,"column":2},"end":{"line":58,"column":35}},"34":{"start":{"line":60,"column":2},"end":{"line":60,"column":17}},"35":{"start":{"line":61,"column":2},"end":{"line":69,"column":3}},"36":{"start":{"line":62,"column":3},"end":{"line":62,"column":19}},"37":{"start":{"line":64,"column":3},"end":{"line":66,"column":4}},"38":{"start":{"line":65,"column":4},"end":{"line":65,"column":94}},"39":{"start":{"line":68,"column":3},"end":{"line":68,"column":86}},"40":{"start":{"line":71,"column":2},"end":{"line":71,"column":34}}},"branchMap":{"1":{"line":7,"type":"switch","locations":[{"start":{"line":8,"column":1},"end":{"line":10,"column":8}},{"start":{"line":11,"column":1},"end":{"line":13,"column":8}},{"start":{"line":14,"column":1},"end":{"line":16,"column":8}},{"start":{"line":17,"column":1},"end":{"line":19,"column":8}},{"start":{"line":20,"column":1},"end":{"line":22,"column":8}},{"start":{"line":23,"column":1},"end":{"line":25,"column":8}},{"start":{"line":26,"column":1},"end":{"line":28,"column":8}},{"start":{"line":29,"column":1},"end":{"line":31,"column":8}},{"start":{"line":32,"column":1},"end":{"line":34,"column":8}},{"start":{"line":35,"column":1},"end":{"line":37,"column":8}},{"start":{"line":38,"column":1},"end":{"line":40,"column":8}},{"start":{"line":41,"column":1},"end":{"line":43,"column":8}}]},"2":{"line":7,"type":"cond-expr","locations":[{"start":{"line":7,"column":16},"end":{"line":7,"column":18}},{"start":{"line":7,"column":21},"end":{"line":7,"column":32}}]},"3":{"line":55,"type":"cond-expr","locations":[{"start":{"line":55,"column":24},"end":{"line":55,"column":37}},{"start":{"line":55,"column":41},"end":{"line":55,"column":55}}]},"4":{"line":56,"type":"cond-expr","locations":[{"start":{"line":56,"column":24},"end":{"line":56,"column":39}},{"start":{"line":56,"column":42},"end":{"line":56,"column":49}}]},"5":{"line":58,"type":"cond-expr","locations":[{"start":{"line":58,"column":19},"end":{"line":58,"column":29}},{"start":{"line":58,"column":32},"end":{"line":58,"column":34}}]},"6":{"line":64,"type":"if","locations":[{"start":{"line":64,"column":3},"end":{"line":64,"column":3}},{"start":{"line":64,"column":3},"end":{"line":64,"column":3}}]},"7":{"line":68,"type":"cond-expr","locations":[{"start":{"line":68,"column":55},"end":{"line":68,"column":66}},{"start":{"line":68,"column":69},"end":{"line":68,"column":84}}]},"8":{"line":68,"type":"binary-expr","locations":[{"start":{"line":68,"column":16},"end":{"line":68,"column":22}},{"start":{"line":68,"column":26},"end":{"line":68,"column":52}}]}}}}