{"src/main.js":{"path":"src/main.js","s":{"1":1,"2":1,"3":17,"4":21,"5":21,"6":99,"7":99,"8":1,"9":98,"10":20,"11":1,"12":20,"13":1,"14":3,"15":1,"16":6,"17":1,"18":1,"19":1,"20":1,"21":1,"22":1,"23":1,"24":2},"b":{"1":[1,98],"2":[2,96],"3":[98,2],"4":[1,19],"5":[1,3,1,6,1,1,1,1,1,1,1,2],"6":[1,19]},"f":{"1":17,"2":21},"fnMap":{"1":{"name":"invoke","line":6,"loc":{"start":{"line":6,"column":17},"end":{"line":6,"column":45}}},"2":{"name":"invokeInner","line":7,"loc":{"start":{"line":7,"column":8},"end":{"line":7,"column":47}}}},"statementMap":{"1":{"start":{"line":3,"column":0},"end":{"line":3,"column":46}},"2":{"start":{"line":6,"column":0},"end":{"line":52,"column":2}},"3":{"start":{"line":7,"column":1},"end":{"line":51,"column":3}},"4":{"start":{"line":8,"column":2},"end":{"line":11,"column":7}},"5":{"start":{"line":13,"column":2},"end":{"line":19,"column":3}},"6":{"start":{"line":14,"column":3},"end":{"line":14,"column":20}},"7":{"start":{"line":15,"column":3},"end":{"line":17,"column":4}},"8":{"start":{"line":16,"column":4},"end":{"line":16,"column":94}},"9":{"start":{"line":18,"column":3},"end":{"line":18,"column":83}},"10":{"start":{"line":20,"column":2},"end":{"line":23,"column":3}},"11":{"start":{"line":22,"column":3},"end":{"line":22,"column":19}},"12":{"start":{"line":25,"column":2},"end":{"line":50,"column":3}},"13":{"start":{"line":27,"column":3},"end":{"line":27,"column":15}},"14":{"start":{"line":29,"column":3},"end":{"line":29,"column":22}},"15":{"start":{"line":31,"column":3},"end":{"line":31,"column":31}},"16":{"start":{"line":33,"column":3},"end":{"line":33,"column":40}},"17":{"start":{"line":35,"column":3},"end":{"line":35,"column":49}},"18":{"start":{"line":37,"column":3},"end":{"line":37,"column":58}},"19":{"start":{"line":39,"column":3},"end":{"line":39,"column":67}},"20":{"start":{"line":41,"column":3},"end":{"line":41,"column":76}},"21":{"start":{"line":43,"column":3},"end":{"line":43,"column":85}},"22":{"start":{"line":45,"column":3},"end":{"line":45,"column":94}},"23":{"start":{"line":47,"column":3},"end":{"line":47,"column":103}},"24":{"start":{"line":49,"column":3},"end":{"line":49,"column":31}}},"branchMap":{"1":{"line":15,"type":"if","locations":[{"start":{"line":15,"column":3},"end":{"line":15,"column":3}},{"start":{"line":15,"column":3},"end":{"line":15,"column":3}}]},"2":{"line":18,"type":"cond-expr","locations":[{"start":{"line":18,"column":52},"end":{"line":18,"column":63}},{"start":{"line":18,"column":66},"end":{"line":18,"column":81}}]},"3":{"line":18,"type":"binary-expr","locations":[{"start":{"line":18,"column":13},"end":{"line":18,"column":19}},{"start":{"line":18,"column":23},"end":{"line":18,"column":49}}]},"4":{"line":20,"type":"if","locations":[{"start":{"line":20,"column":2},"end":{"line":20,"column":2}},{"start":{"line":20,"column":2},"end":{"line":20,"column":2}}]},"5":{"line":25,"type":"switch","locations":[{"start":{"line":26,"column":2},"end":{"line":27,"column":15}},{"start":{"line":28,"column":2},"end":{"line":29,"column":22}},{"start":{"line":30,"column":2},"end":{"line":31,"column":31}},{"start":{"line":32,"column":2},"end":{"line":33,"column":40}},{"start":{"line":34,"column":2},"end":{"line":35,"column":49}},{"start":{"line":36,"column":2},"end":{"line":37,"column":58}},{"start":{"line":38,"column":2},"end":{"line":39,"column":67}},{"start":{"line":40,"column":2},"end":{"line":41,"column":76}},{"start":{"line":42,"column":2},"end":{"line":43,"column":85}},{"start":{"line":44,"column":2},"end":{"line":45,"column":94}},{"start":{"line":46,"column":2},"end":{"line":47,"column":103}},{"start":{"line":48,"column":2},"end":{"line":49,"column":31}}]},"6":{"line":25,"type":"cond-expr","locations":[{"start":{"line":25,"column":17},"end":{"line":25,"column":19}},{"start":{"line":25,"column":22},"end":{"line":25,"column":33}}]}}}}