TN:
SF:src/main.js
FN:6,invoke
FN:7,invokeInner
FNF:2
FNH:2
FNDA:17,invoke
FNDA:21,invokeInner
DA:3,1
DA:6,1
DA:7,17
DA:8,21
DA:13,21
DA:14,99
DA:15,99
DA:16,1
DA:18,98
DA:20,20
DA:22,1
DA:25,20
DA:27,1
DA:29,3
DA:31,1
DA:33,6
DA:35,1
DA:37,1
DA:39,1
DA:41,1
DA:43,1
DA:45,1
DA:47,1
DA:49,2
LF:24
LH:24
BRDA:15,1,0,1
BRDA:15,1,1,98
BRDA:18,2,0,2
BRDA:18,2,1,96
BRDA:18,3,0,98
BRDA:18,3,1,2
BRDA:20,4,0,1
BRDA:20,4,1,19
BRDA:25,5,0,1
BRDA:25,5,1,3
BRDA:25,5,2,1
BRDA:25,5,3,6
BRDA:25,5,4,1
BRDA:25,5,5,1
BRDA:25,5,6,1
BRDA:25,5,7,1
BRDA:25,5,8,1
BRDA:25,5,9,1
BRDA:25,5,10,1
BRDA:25,5,11,2
BRDA:25,6,0,1
BRDA:25,6,1,19
BRF:22
BRH:22
end_of_record
