TN:
SF:src/main.js
FN:5,(anonymous_1)
FN:49,invoke
FN:50,invokeInner
FNF:3
FNH:3
FNDA:21,(anonymous_1)
FNDA:18,invoke
FNDA:22,invokeInner
DA:3,1
DA:5,1
DA:6,21
DA:7,21
DA:9,1
DA:10,1
DA:12,4
DA:13,4
DA:15,1
DA:16,1
DA:18,6
DA:19,6
DA:21,1
DA:22,1
DA:24,1
DA:25,1
DA:27,1
DA:28,1
DA:30,1
DA:31,1
DA:33,1
DA:34,1
DA:36,1
DA:37,1
DA:39,1
DA:40,1
DA:42,2
DA:43,2
DA:46,21
DA:49,1
DA:50,18
DA:51,22
DA:58,22
DA:60,22
DA:61,22
DA:62,100
DA:64,100
DA:65,1
DA:68,99
DA:71,21
LF:40
LH:40
BRDA:7,1,0,1
BRDA:7,1,1,4
BRDA:7,1,2,1
BRDA:7,1,3,6
BRDA:7,1,4,1
BRDA:7,1,5,1
BRDA:7,1,6,1
BRDA:7,1,7,1
BRDA:7,1,8,1
BRDA:7,1,9,1
BRDA:7,1,10,1
BRDA:7,1,11,2
BRDA:7,2,0,1
BRDA:7,2,1,20
BRDA:55,3,0,2
BRDA:55,3,1,20
BRDA:56,4,0,2
BRDA:56,4,1,20
BRDA:58,5,0,2
BRDA:58,5,1,20
BRDA:64,6,0,1
BRDA:64,6,1,99
BRDA:68,7,0,3
BRDA:68,7,1,96
BRDA:68,8,0,99
BRDA:68,8,1,3
BRF:26
BRH:26
end_of_record
